<?xml version="1.0" encoding="UTF-8"?>
<testng-results ignored="0" total="1" passed="1" failed="0" skipped="0">
  <reporter-output>
    <line>
      <![CDATA[----LOGIN SUCCESSFULL----]]>
    </line>
    <line>
      <![CDATA[----MENU ICON HAMBURGER ICON CLICK SUCCESSFULL----]]>
    </line>
    <line>
      <![CDATA[----INCENTIVE ADMIN HOME PAGE CLICK SUCCESSFULL----]]>
    </line>
    <line>
      <![CDATA[----USER ADMINISTRATION CLICK SUCCESSFULL----]]>
    </line>
    <line>
      <![CDATA[----PUBLIC USER CLICK OPTION CLICK SUCCESSFULL----]]>
    </line>
    <line>
      <![CDATA[----NAVIGATE TO PUBLIC USER PAGE SEARCH----]]>
    </line>
    <line>
      <![CDATA[----NAVIGATE TO IMPERSONATE USER----]]>
    </line>
    <line>
      <![CDATA[----NAVIGATE TO NEW WINDOW----]]>
    </line>
    <line>
      <![CDATA[----NAVIGATE TO KOHLER REWARDS CARD----]]>
    </line>
    <line>
      <![CDATA[----TOTAL AVAILABLE POINTS----:480]]>
    </line>
    <line>
      <![CDATA[----VALUE AVAILABLE POINTS----:$372]]>
    </line>
    <line>
      <![CDATA[----TEST FAIL----]]>
    </line>
  </reporter-output>
  <suite started-at="2024-11-08T15:26:02 IST" name="Default suite" finished-at="2024-11-08T15:27:09 IST" duration-ms="67252">
    <groups>
    </groups>
    <test started-at="2024-11-08T15:26:02 IST" name="Default test" finished-at="2024-11-08T15:27:09 IST" duration-ms="67252">
      <class name="org.tyss.flatworld.testcases.TC_21_VerifyPointsConversionKohlerRewardCardPageTest">
        <test-method is-config="true" signature="configBeforeClass()[pri:0, instance:org.tyss.flatworld.testcases.TC_21_VerifyPointsConversionKohlerRewardCardPageTest@33065d67]" started-at="2024-11-08T15:26:02 IST" name="configBeforeClass" finished-at="2024-11-08T15:26:08 IST" duration-ms="6180" status="PASS">
          <reporter-output>
          </reporter-output>
        </test-method> <!-- configBeforeClass -->
        <test-method is-config="true" signature="configBeforeMethod(org.testng.ITestResult)[pri:0, instance:org.tyss.flatworld.testcases.TC_21_VerifyPointsConversionKohlerRewardCardPageTest@33065d67]" started-at="2024-11-08T15:26:08 IST" name="configBeforeMethod" finished-at="2024-11-08T15:26:10 IST" duration-ms="1481" status="PASS">
          <params>
            <param index="0">
              <value>
                <![CDATA[[TestResult name={null} status=CREATED method=TC_21_VerifyPointsConversionKohlerRewardCardPageTest.testRun()[pri:0, instance:org.tyss.flatworld.testcases.TC_21_VerifyPointsConversionKohlerRewardCardPageTest@33065d67] output={null}]]]>
              </value>
            </param>
          </params>
          <reporter-output>
          </reporter-output>
        </test-method> <!-- configBeforeMethod -->
        <test-method signature="testRun()[pri:0, instance:org.tyss.flatworld.testcases.TC_21_VerifyPointsConversionKohlerRewardCardPageTest@33065d67]" started-at="2024-11-08T15:26:10 IST" name="testRun" finished-at="2024-11-08T15:27:09 IST" duration-ms="59386" status="PASS">
          <reporter-output>
            <line>
              <![CDATA[----LOGIN SUCCESSFULL----]]>
            </line>
            <line>
              <![CDATA[----MENU ICON HAMBURGER ICON CLICK SUCCESSFULL----]]>
            </line>
            <line>
              <![CDATA[----INCENTIVE ADMIN HOME PAGE CLICK SUCCESSFULL----]]>
            </line>
            <line>
              <![CDATA[----USER ADMINISTRATION CLICK SUCCESSFULL----]]>
            </line>
            <line>
              <![CDATA[----PUBLIC USER CLICK OPTION CLICK SUCCESSFULL----]]>
            </line>
            <line>
              <![CDATA[----NAVIGATE TO PUBLIC USER PAGE SEARCH----]]>
            </line>
            <line>
              <![CDATA[----NAVIGATE TO IMPERSONATE USER----]]>
            </line>
            <line>
              <![CDATA[----NAVIGATE TO NEW WINDOW----]]>
            </line>
            <line>
              <![CDATA[----NAVIGATE TO KOHLER REWARDS CARD----]]>
            </line>
            <line>
              <![CDATA[----TOTAL AVAILABLE POINTS----:480]]>
            </line>
            <line>
              <![CDATA[----VALUE AVAILABLE POINTS----:$372]]>
            </line>
            <line>
              <![CDATA[----TEST FAIL----]]>
            </line>
          </reporter-output>
        </test-method> <!-- testRun -->
      </class> <!-- org.tyss.flatworld.testcases.TC_21_VerifyPointsConversionKohlerRewardCardPageTest -->
    </test> <!-- Default test -->
  </suite> <!-- Default suite -->
</testng-results>
